2025-05-05 20:08:58 INFO django.utils.autoreload autoreload C:\Users\顯闉\PycharmProjects\NewsPortal\News-Portal-main\newsportal\settings.py changed, reloading.
2025-05-05 20:09:34 INFO django.utils.autoreload autoreload Watching for file changes with StatReloader
2025-05-05 20:12:37 INFO django.utils.autoreload autoreload C:\Users\顯闉\PycharmProjects\NewsPortal\News-Portal-main\news\views.py changed, reloading.
2025-05-05 20:12:38 INFO django.utils.autoreload autoreload Watching for file changes with StatReloader
2025-05-05 20:17:00 INFO django.utils.autoreload autoreload C:\Users\顯闉\PycharmProjects\NewsPortal\News-Portal-main\news\urls.py changed, reloading.
2025-05-05 20:17:01 INFO django.utils.autoreload autoreload Watching for file changes with StatReloader
2025-05-05 20:17:29 INFO django.utils.autoreload autoreload C:\Users\顯闉\PycharmProjects\NewsPortal\News-Portal-main\news\urls.py changed, reloading.
2025-05-05 20:17:31 INFO django.utils.autoreload autoreload Watching for file changes with StatReloader
2025-05-05 20:18:07 INFO django.utils.autoreload autoreload C:\Users\顯闉\PycharmProjects\NewsPortal\News-Portal-main\news\urls.py changed, reloading.
2025-05-05 20:18:08 INFO django.utils.autoreload autoreload Watching for file changes with StatReloader
2025-05-05 20:19:45 INFO django.utils.autoreload autoreload C:\Users\顯闉\PycharmProjects\NewsPortal\News-Portal-main\newsportal\settings.py changed, reloading.
2025-05-05 20:20:23 INFO django.utils.autoreload autoreload Watching for file changes with StatReloader
2025-05-05 20:26:36 INFO django.utils.autoreload autoreload C:\Users\顯闉\PycharmProjects\NewsPortal\News-Portal-main\news\views.py changed, reloading.
2025-05-05 20:26:37 INFO django.utils.autoreload autoreload Watching for file changes with StatReloader
2025-05-05 20:45:18 INFO django.utils.autoreload autoreload C:\Users\顯闉\PycharmProjects\NewsPortal\News-Portal-main\newsportal\settings.py changed, reloading.
2025-05-05 20:45:20 INFO django.utils.autoreload autoreload Watching for file changes with StatReloader
2025-05-05 20:45:26 INFO django.utils.autoreload autoreload C:\Users\顯闉\PycharmProjects\NewsPortal\News-Portal-main\newsportal\settings.py changed, reloading.
2025-05-05 20:45:27 INFO django.utils.autoreload autoreload Watching for file changes with StatReloader
2025-05-05 20:45:58 INFO django.utils.autoreload autoreload C:\Users\顯闉\PycharmProjects\NewsPortal\News-Portal-main\newsportal\settings.py changed, reloading.
2025-05-05 20:45:59 INFO django.utils.autoreload autoreload Watching for file changes with StatReloader
2025-05-05 20:46:07 INFO django.utils.autoreload autoreload C:\Users\顯闉\PycharmProjects\NewsPortal\News-Portal-main\newsportal\settings.py changed, reloading.
2025-05-05 20:46:09 INFO django.utils.autoreload autoreload Watching for file changes with StatReloader
2025-05-07 13:47:28 INFO django.utils.autoreload autoreload Watching for file changes with StatReloader
2025-05-07 13:48:49 INFO django.utils.autoreload autoreload C:\Users\顯闉\PycharmProjects\NewsPortal\News-Portal-main\news\views.py changed, reloading.
2025-05-07 13:48:50 INFO django.utils.autoreload autoreload Watching for file changes with StatReloader
2025-05-07 13:55:49 INFO django.utils.autoreload autoreload C:\Users\顯闉\PycharmProjects\NewsPortal\News-Portal-main\news\views.py changed, reloading.
2025-05-07 13:55:50 INFO django.utils.autoreload autoreload Watching for file changes with StatReloader
2025-05-07 14:04:49 INFO django.utils.autoreload autoreload C:\Users\顯闉\PycharmProjects\NewsPortal\News-Portal-main\templates\default.html.py changed, reloading.
2025-05-07 14:04:50 INFO django.utils.autoreload autoreload Watching for file changes with StatReloader
2025-05-07 14:05:52 INFO django.utils.autoreload autoreload C:\Users\顯闉\PycharmProjects\NewsPortal\News-Portal-main\news\views.py changed, reloading.
2025-05-07 14:05:53 INFO django.utils.autoreload autoreload Watching for file changes with StatReloader
2025-05-07 14:06:29 INFO django.utils.autoreload autoreload C:\Users\顯闉\PycharmProjects\NewsPortal\News-Portal-main\news\views.py changed, reloading.
2025-05-07 14:06:30 INFO django.utils.autoreload autoreload Watching for file changes with StatReloader
2025-05-07 15:03:15 INFO django.utils.autoreload autoreload Watching for file changes with StatReloader
2025-05-07 15:15:41 INFO django.utils.autoreload autoreload Watching for file changes with StatReloader
2025-05-07 15:18:36 INFO django.utils.autoreload autoreload Watching for file changes with StatReloader
2025-05-07 15:20:12 INFO django.utils.autoreload autoreload Watching for file changes with StatReloader
2025-05-07 15:21:47 INFO django.utils.autoreload autoreload Watching for file changes with StatReloader
2025-05-07 15:35:58 INFO django.utils.autoreload autoreload Watching for file changes with StatReloader
2025-05-07 15:41:22 INFO django.utils.autoreload autoreload Watching for file changes with StatReloader
2025-05-07 15:41:45 INFO django.utils.autoreload autoreload C:\Users\顯闉\PycharmProjects\NewsPortal\News-Portal-main\newsportal\settings.py changed, reloading.
